<?xml version="1.0" encoding="UTF-8"?>
<testng-results ignored="0" total="2" passed="1" failed="1" skipped="0">
  <reporter-output>
    <line>
      <![CDATA[Remove all file in ReportNG screenshot (image)]]>
    </line>
    <line>
      <![CDATA[Delete success]]>
    </line>
    <line>
      <![CDATA[Remove all file in Allure attachment (json file)]]>
    </line>
    <line>
      <![CDATA[OS name = windows 10]]>
    </line>
    <line>
      <![CDATA[Driver instance name = chromedriver: chrome on windows (ba432daf411c1c8c5a032f70a5e96ce9)]]>
    </line>
  </reporter-output>
  <suite started-at="2024-11-18T21:17:17 ICT" name="OrangeHRM" finished-at="2024-11-18T21:17:33 ICT" duration-ms="15791">
    <groups>
    </groups>
    <test started-at="2024-11-18T21:17:17 ICT" name="Run on Chrome Browser" finished-at="2024-11-18T21:17:33 ICT" duration-ms="15791">
      <class name="admin.Admin_02_Pay_Grades">
        <test-method is-config="true" signature="deleteFileInReport()[pri:0, instance:admin.Admin_02_Pay_Grades@1a20270e]" started-at="2024-11-18T21:17:17 ICT" name="deleteFileInReport" finished-at="2024-11-18T21:17:17 ICT" duration-ms="14" status="PASS">
          <reporter-output>
            <line>
              <![CDATA[Remove all file in ReportNG screenshot (image)]]>
            </line>
            <line>
              <![CDATA[Delete success]]>
            </line>
            <line>
              <![CDATA[Remove all file in Allure attachment (json file)]]>
            </line>
          </reporter-output>
        </test-method> <!-- deleteFileInReport -->
        <test-method is-config="true" signature="beforeClass(java.lang.String,java.lang.String)[pri:0, instance:admin.Admin_02_Pay_Grades@1a20270e]" started-at="2024-11-18T21:17:17 ICT" name="beforeClass" finished-at="2024-11-18T21:17:25 ICT" duration-ms="8367" status="PASS">
          <params>
            <param index="0">
              <value>
                <![CDATA[https://localhost:8443/orangehrm5/]]>
              </value>
            </param>
            <param index="1">
              <value>
                <![CDATA[chrome]]>
              </value>
            </param>
          </params>
          <reporter-output>
          </reporter-output>
        </test-method> <!-- beforeClass -->
        <test-method signature="Pay_Grade_01_Add_New_Empty_Data(java.lang.reflect.Method)[pri:0, instance:admin.Admin_02_Pay_Grades@1a20270e]" started-at="2024-11-18T21:17:25 ICT" name="Pay_Grade_01_Add_New_Empty_Data" finished-at="2024-11-18T21:17:28 ICT" duration-ms="2711" status="PASS">
          <params>
            <param index="0">
              <value>
                <![CDATA[public void admin.Admin_02_Pay_Grades.Pay_Grade_01_Add_New_Empty_Data(java.lang.reflect.Method)]]>
              </value>
            </param>
          </params>
          <reporter-output>
          </reporter-output>
        </test-method> <!-- Pay_Grade_01_Add_New_Empty_Data -->
        <test-method signature="Pay_Grade_02_Add_New_Success(java.lang.reflect.Method)[pri:0, instance:admin.Admin_02_Pay_Grades@1a20270e]" started-at="2024-11-18T21:17:28 ICT" name="Pay_Grade_02_Add_New_Success" finished-at="2024-11-18T21:17:32 ICT" duration-ms="4253" status="FAIL">
          <params>
            <param index="0">
              <value>
                <![CDATA[public void admin.Admin_02_Pay_Grades.Pay_Grade_02_Add_New_Success(java.lang.reflect.Method)]]>
              </value>
            </param>
          </params>
          <exception class="java.lang.AssertionError">
            <message>
              <![CDATA[expected [Pay Grade 461] but found []]]>
            </message>
            <full-stacktrace>
              <![CDATA[java.lang.AssertionError: expected [Pay Grade 461] but found []
at org.testng.Assert.fail(Assert.java:111)
at org.testng.Assert.failNotEquals(Assert.java:1578)
at org.testng.Assert.assertEqualsImpl(Assert.java:150)
at org.testng.Assert.assertEquals(Assert.java:132)
at org.testng.Assert.assertEquals(Assert.java:656)
at org.testng.Assert.assertEquals(Assert.java:666)
at admin.Admin_02_Pay_Grades.Pay_Grade_02_Add_New_Success(Admin_02_Pay_Grades.java:84)
at java.base/jdk.internal.reflect.NativeMethodAccessorImpl.invoke0(Native Method)
at java.base/jdk.internal.reflect.NativeMethodAccessorImpl.invoke(NativeMethodAccessorImpl.java:77)
at java.base/jdk.internal.reflect.DelegatingMethodAccessorImpl.invoke(DelegatingMethodAccessorImpl.java:43)
at java.base/java.lang.reflect.Method.invoke(Method.java:568)
at org.testng.internal.invokers.MethodInvocationHelper.invokeMethod(MethodInvocationHelper.java:141)
at org.testng.internal.invokers.TestInvoker.invokeMethod(TestInvoker.java:686)
at org.testng.internal.invokers.TestInvoker.invokeTestMethod(TestInvoker.java:230)
at org.testng.internal.invokers.MethodRunner.runInSequence(MethodRunner.java:63)
at org.testng.internal.invokers.TestInvoker$MethodInvocationAgent.invoke(TestInvoker.java:992)
at org.testng.internal.invokers.TestInvoker.invokeTestMethods(TestInvoker.java:203)
at org.testng.internal.invokers.TestMethodWorker.invokeTestMethods(TestMethodWorker.java:154)
at org.testng.internal.invokers.TestMethodWorker.run(TestMethodWorker.java:134)
at java.base/java.util.ArrayList.forEach(ArrayList.java:1511)
at org.testng.TestRunner.privateRun(TestRunner.java:739)
at org.testng.TestRunner.run(TestRunner.java:614)
at org.testng.SuiteRunner.runTest(SuiteRunner.java:421)
at org.testng.SuiteRunner.runSequentially(SuiteRunner.java:413)
at org.testng.SuiteRunner.privateRun(SuiteRunner.java:373)
at org.testng.SuiteRunner.run(SuiteRunner.java:312)
at org.testng.SuiteRunnerWorker.runSuite(SuiteRunnerWorker.java:52)
at org.testng.SuiteRunnerWorker.run(SuiteRunnerWorker.java:95)
at org.testng.TestNG.runSuitesSequentially(TestNG.java:1274)
at org.testng.TestNG.runSuitesLocally(TestNG.java:1208)
at org.testng.TestNG.runSuites(TestNG.java:1112)
at org.testng.TestNG.run(TestNG.java:1079)
at com.intellij.rt.testng.IDEARemoteTestNG.run(IDEARemoteTestNG.java:65)
at com.intellij.rt.testng.RemoteTestNGStarter.main(RemoteTestNGStarter.java:105)
]]>
            </full-stacktrace>
          </exception> <!-- java.lang.AssertionError -->
          <reporter-output>
          </reporter-output>
        </test-method> <!-- Pay_Grade_02_Add_New_Success -->
        <test-method is-config="true" signature="afterClass()[pri:0, instance:admin.Admin_02_Pay_Grades@1a20270e]" started-at="2024-11-18T21:17:33 ICT" name="afterClass" finished-at="2024-11-18T21:17:33 ICT" duration-ms="246" status="PASS">
          <reporter-output>
            <line>
              <![CDATA[OS name = windows 10]]>
            </line>
            <line>
              <![CDATA[Driver instance name = chromedriver: chrome on windows (ba432daf411c1c8c5a032f70a5e96ce9)]]>
            </line>
          </reporter-output>
        </test-method> <!-- afterClass -->
      </class> <!-- admin.Admin_02_Pay_Grades -->
    </test> <!-- Run on Chrome Browser -->
  </suite> <!-- OrangeHRM -->
</testng-results>
